<?xml version="1.0" encoding="UTF-8"?>
<testsuite name="GameTest" tests="1" skipped="0" failures="0" errors="0" timestamp="2022-04-15T05:35:09" hostname="DESKTOP-8CPEC0C" time="0.047">
  <properties/>
  <testcase name="gameTests()" classname="GameTest" time="0.047"/>
  <system-out><![CDATA[Testing Game
Game Board:
**************************************************************************
Col :       0        1        2        3        4        5        6        7        
Row : 0   -------  -------  -------  -------  -Blu H-  -------  -------  -------  
Row : 1   -------  -------  -------  -------  -Blu M-  -------  -------  -------  
Row : 2   -------  -------  -------  -Red H-  -------  -------  -------  -------  
Row : 3   -------  -------  -------  -------  -------  -------  -------  -------  
Row : 4   -------  -------  -------  -------  -------  -------  -------  -Red E-  
Row : 5   -------  -------  -------  -------  -------  -------  -------  -------  
Row : 6   -------  -------  -Blu B-  -------  -------  -------  -Red B-  -------  
Row : 7   -------  -------  -Red M-  -------  -------  -------  -Blu E-  -------  
**************************************************************************
Team Blu Pieces :
Blu M Blu B Blu H Blu E
**************************************************************************
Team Red Pieces :
Red M Red B Red H Red E
**************************************************************************
It is Team Blu's turn

]]></system-out>
  <system-err><![CDATA[]]></system-err>
</testsuite>
